<?xml version="1.0"?>

<valgrindoutput>

<protocolversion>4</protocolversion>
<protocoltool>memcheck</protocoltool>

<preamble>
  <line>Memcheck, a memory error detector</line>
  <line>Copyright (C) 2002-2011, and GNU GPL'd, by Julian Seward et al.</line>
  <line>Using Valgrind-3.7.0 and LibVEX; rerun with -h for copyright info</line>
  <line>Command: /home/kosmal/sonar-sdk/sonar-cxx/src/samples/SampleProject3/build/test_component1 --gtest_output=xml:/home/kosmal/sonar-sdk/sonar-cxx/src/samples/SampleProject3/build/xunit-report.xml</line>
</preamble>

<pid>5780</pid>
<ppid>5763</ppid>
<tool>memcheck</tool>

<args>
  <vargv>
    <exe>/usr/bin/valgrind.bin</exe>
    <arg>--suppressions=/usr/lib/valgrind/debian-libc6-dbg.supp</arg>
    <arg>--xml=yes</arg>
    <arg>--xml-file=/home/kosmal/sonar-sdk/sonar-cxx/src/samples/SampleProject3/build/valgrind-report.xml</arg>
  </vargv>
  <argv>
    <exe>/home/kosmal/sonar-sdk/sonar-cxx/src/samples/SampleProject3/build/test_component1</exe>
    <arg>--gtest_output=xml:/home/kosmal/sonar-sdk/sonar-cxx/src/samples/SampleProject3/build/xunit-report.xml</arg>
  </argv>
</args>

<status>
  <state>RUNNING</state>
  <time>00:00:00:00.447 </time>
</status>

<error>
  <unique>0x13</unique>
  <tid>1</tid>
  <kind>UninitCondition</kind>
  <what>Conditional jump or move depends on uninitialised value(s)</what>
  <stack>
    <frame>
      <ip>0x806E8B5</ip>
      <obj>/home/kosmal/sonar-sdk/sonar-cxx/src/samples/SampleProject3/build/test_component1</obj>
      <fn>Bar::do_valgrind_errors()</fn>
    </frame>
    <frame>
      <ip>0x804B84C</ip>
      <obj>/home/kosmal/sonar-sdk/sonar-cxx/src/samples/SampleProject3/build/test_component1</obj>
      <fn>(anonymous namespace)::Component1Test_foo_leaking_Test::TestBody()</fn>
      <dir>/home/kosmal/sonar-sdk/sonar-cxx/src/samples/SampleProject2/tests/unittests</dir>
      <file>test_component1.cc</file>
      <line>30</line>
    </frame>
    <frame>
      <ip>0x80661DF</ip>
      <obj>/home/kosmal/sonar-sdk/sonar-cxx/src/samples/SampleProject3/build/test_component1</obj>
      <fn>void testing::internal::HandleSehExceptionsInMethodIfSupported&lt;testing::Test, void&gt;(testing::Test*, void (testing::Test::*)(), char const*)</fn>
      <dir>/home/kosmal/sonar-sdk/sonar-cxx/src/samples/SampleProject2/tests/gtest-1.6.0/src</dir>
      <file>gtest.cc</file>
      <line>2090</line>
    </frame>
    <frame>
      <ip>0x8061A50</ip>
      <obj>/home/kosmal/sonar-sdk/sonar-cxx/src/samples/SampleProject3/build/test_component1</obj>
      <fn>void testing::internal::HandleExceptionsInMethodIfSupported&lt;testing::Test, void&gt;(testing::Test*, void (testing::Test::*)(), char const*)</fn>
      <dir>/home/kosmal/sonar-sdk/sonar-cxx/src/samples/SampleProject2/tests/gtest-1.6.0/src</dir>
      <file>gtest.cc</file>
      <line>2126</line>
    </frame>
    <frame>
      <ip>0x8050B93</ip>
      <obj>/home/kosmal/sonar-sdk/sonar-cxx/src/samples/SampleProject3/build/test_component1</obj>
      <fn>testing::Test::Run()</fn>
      <dir>/home/kosmal/sonar-sdk/sonar-cxx/src/samples/SampleProject2/tests/gtest-1.6.0/src</dir>
      <file>gtest.cc</file>
      <line>2162</line>
    </frame>
    <frame>
      <ip>0x8051250</ip>
      <obj>/home/kosmal/sonar-sdk/sonar-cxx/src/samples/SampleProject3/build/test_component1</obj>
      <fn>testing::TestInfo::Run()</fn>
      <dir>/home/kosmal/sonar-sdk/sonar-cxx/src/samples/SampleProject2/tests/gtest-1.6.0/src</dir>
      <file>gtest.cc</file>
      <line>2338</line>
    </frame>
    <frame>
      <ip>0x805175A</ip>
      <obj>/home/kosmal/sonar-sdk/sonar-cxx/src/samples/SampleProject3/build/test_component1</obj>
      <fn>testing::TestCase::Run()</fn>
      <dir>/home/kosmal/sonar-sdk/sonar-cxx/src/samples/SampleProject2/tests/gtest-1.6.0/src</dir>
      <file>gtest.cc</file>
      <line>2445</line>
    </frame>
    <frame>
      <ip>0x8055C8F</ip>
      <obj>/home/kosmal/sonar-sdk/sonar-cxx/src/samples/SampleProject3/build/test_component1</obj>
      <fn>testing::internal::UnitTestImpl::RunAllTests()</fn>
      <dir>/home/kosmal/sonar-sdk/sonar-cxx/src/samples/SampleProject2/tests/gtest-1.6.0/src</dir>
      <file>gtest.cc</file>
      <line>4237</line>
    </frame>
    <frame>
      <ip>0x806739B</ip>
      <obj>/home/kosmal/sonar-sdk/sonar-cxx/src/samples/SampleProject3/build/test_component1</obj>
      <fn>bool testing::internal::HandleSehExceptionsInMethodIfSupported&lt;testing::internal::UnitTestImpl, bool&gt;(testing::internal::UnitTestImpl*, bool (testing::internal::UnitTestImpl::*)(), char const*)</fn>
      <dir>/home/kosmal/sonar-sdk/sonar-cxx/src/samples/SampleProject2/tests/gtest-1.6.0/src</dir>
      <file>gtest.cc</file>
      <line>2090</line>
    </frame>
    <frame>
      <ip>0x8062828</ip>
      <obj>/home/kosmal/sonar-sdk/sonar-cxx/src/samples/SampleProject3/build/test_component1</obj>
      <fn>bool testing::internal::HandleExceptionsInMethodIfSupported&lt;testing::internal::UnitTestImpl, bool&gt;(testing::internal::UnitTestImpl*, bool (testing::internal::UnitTestImpl::*)(), char const*)</fn>
      <dir>/home/kosmal/sonar-sdk/sonar-cxx/src/samples/SampleProject2/tests/gtest-1.6.0/src</dir>
      <file>gtest.cc</file>
      <line>2126</line>
    </frame>
    <frame>
      <ip>0x8054C4C</ip>
      <obj>/home/kosmal/sonar-sdk/sonar-cxx/src/samples/SampleProject3/build/test_component1</obj>
      <fn>testing::UnitTest::Run()</fn>
      <dir>/home/kosmal/sonar-sdk/sonar-cxx/src/samples/SampleProject2/tests/gtest-1.6.0/src</dir>
      <file>gtest.cc</file>
      <line>3874</line>
    </frame>
    <frame>
      <ip>0x806E7D3</ip>
      <obj>/home/kosmal/sonar-sdk/sonar-cxx/src/samples/SampleProject3/build/test_component1</obj>
      <fn>main</fn>
      <dir>/home/kosmal/sonar-sdk/sonar-cxx/src/samples/SampleProject2/tests/gtest-1.6.0/src</dir>
      <file>gtest_main.cc</file>
      <line>38</line>
    </frame>
  </stack>
</error>

<error>
  <unique>0x14</unique>
  <tid>1</tid>
  <kind>InvalidRead</kind>
  <what>Invalid read of size 4</what>
  <stack>
    <frame>
      <ip>0x806E992</ip>
      <obj>/home/kosmal/sonar-sdk/sonar-cxx/src/samples/SampleProject3/build/test_component1</obj>
      <fn>Bar::do_valgrind_errors()</fn>
    </frame>
    <frame>
      <ip>0x804B84C</ip>
      <obj>/home/kosmal/sonar-sdk/sonar-cxx/src/samples/SampleProject3/build/test_component1</obj>
      <fn>(anonymous namespace)::Component1Test_foo_leaking_Test::TestBody()</fn>
      <dir>/home/kosmal/sonar-sdk/sonar-cxx/src/samples/SampleProject2/tests/unittests</dir>
      <file>test_component1.cc</file>
      <line>30</line>
    </frame>
    <frame>
      <ip>0x80661DF</ip>
      <obj>/home/kosmal/sonar-sdk/sonar-cxx/src/samples/SampleProject3/build/test_component1</obj>
      <fn>void testing::internal::HandleSehExceptionsInMethodIfSupported&lt;testing::Test, void&gt;(testing::Test*, void (testing::Test::*)(), char const*)</fn>
      <dir>/home/kosmal/sonar-sdk/sonar-cxx/src/samples/SampleProject2/tests/gtest-1.6.0/src</dir>
      <file>gtest.cc</file>
      <line>2090</line>
    </frame>
    <frame>
      <ip>0x8061A50</ip>
      <obj>/home/kosmal/sonar-sdk/sonar-cxx/src/samples/SampleProject3/build/test_component1</obj>
      <fn>void testing::internal::HandleExceptionsInMethodIfSupported&lt;testing::Test, void&gt;(testing::Test*, void (testing::Test::*)(), char const*)</fn>
      <dir>/home/kosmal/sonar-sdk/sonar-cxx/src/samples/SampleProject2/tests/gtest-1.6.0/src</dir>
      <file>gtest.cc</file>
      <line>2126</line>
    </frame>
    <frame>
      <ip>0x8050B93</ip>
      <obj>/home/kosmal/sonar-sdk/sonar-cxx/src/samples/SampleProject3/build/test_component1</obj>
      <fn>testing::Test::Run()</fn>
      <dir>/home/kosmal/sonar-sdk/sonar-cxx/src/samples/SampleProject2/tests/gtest-1.6.0/src</dir>
      <file>gtest.cc</file>
      <line>2162</line>
    </frame>
    <frame>
      <ip>0x8051250</ip>
      <obj>/home/kosmal/sonar-sdk/sonar-cxx/src/samples/SampleProject3/build/test_component1</obj>
      <fn>testing::TestInfo::Run()</fn>
      <dir>/home/kosmal/sonar-sdk/sonar-cxx/src/samples/SampleProject2/tests/gtest-1.6.0/src</dir>
      <file>gtest.cc</file>
      <line>2338</line>
    </frame>
    <frame>
      <ip>0x805175A</ip>
      <obj>/home/kosmal/sonar-sdk/sonar-cxx/src/samples/SampleProject3/build/test_component1</obj>
      <fn>testing::TestCase::Run()</fn>
      <dir>/home/kosmal/sonar-sdk/sonar-cxx/src/samples/SampleProject2/tests/gtest-1.6.0/src</dir>
      <file>gtest.cc</file>
      <line>2445</line>
    </frame>
    <frame>
      <ip>0x8055C8F</ip>
      <obj>/home/kosmal/sonar-sdk/sonar-cxx/src/samples/SampleProject3/build/test_component1</obj>
      <fn>testing::internal::UnitTestImpl::RunAllTests()</fn>
      <dir>/home/kosmal/sonar-sdk/sonar-cxx/src/samples/SampleProject2/tests/gtest-1.6.0/src</dir>
      <file>gtest.cc</file>
      <line>4237</line>
    </frame>
    <frame>
      <ip>0x806739B</ip>
      <obj>/home/kosmal/sonar-sdk/sonar-cxx/src/samples/SampleProject3/build/test_component1</obj>
      <fn>bool testing::internal::HandleSehExceptionsInMethodIfSupported&lt;testing::internal::UnitTestImpl, bool&gt;(testing::internal::UnitTestImpl*, bool (testing::internal::UnitTestImpl::*)(), char const*)</fn>
      <dir>/home/kosmal/sonar-sdk/sonar-cxx/src/samples/SampleProject2/tests/gtest-1.6.0/src</dir>
      <file>gtest.cc</file>
      <line>2090</line>
    </frame>
    <frame>
      <ip>0x8062828</ip>
      <obj>/home/kosmal/sonar-sdk/sonar-cxx/src/samples/SampleProject3/build/test_component1</obj>
      <fn>bool testing::internal::HandleExceptionsInMethodIfSupported&lt;testing::internal::UnitTestImpl, bool&gt;(testing::internal::UnitTestImpl*, bool (testing::internal::UnitTestImpl::*)(), char const*)</fn>
      <dir>/home/kosmal/sonar-sdk/sonar-cxx/src/samples/SampleProject2/tests/gtest-1.6.0/src</dir>
      <file>gtest.cc</file>
      <line>2126</line>
    </frame>
    <frame>
      <ip>0x8054C4C</ip>
      <obj>/home/kosmal/sonar-sdk/sonar-cxx/src/samples/SampleProject3/build/test_component1</obj>
      <fn>testing::UnitTest::Run()</fn>
      <dir>/home/kosmal/sonar-sdk/sonar-cxx/src/samples/SampleProject2/tests/gtest-1.6.0/src</dir>
      <file>gtest.cc</file>
      <line>3874</line>
    </frame>
    <frame>
      <ip>0x806E7D3</ip>
      <obj>/home/kosmal/sonar-sdk/sonar-cxx/src/samples/SampleProject3/build/test_component1</obj>
      <fn>main</fn>
      <dir>/home/kosmal/sonar-sdk/sonar-cxx/src/samples/SampleProject2/tests/gtest-1.6.0/src</dir>
      <file>gtest_main.cc</file>
      <line>38</line>
    </frame>
  </stack>
  <auxwhat>Address 0x430a470 is 0 bytes inside a block of size 4 free'd</auxwhat>
  <stack>
    <frame>
      <ip>0x402719C</ip>
      <obj>/usr/lib/valgrind/vgpreload_memcheck-x86-linux.so</obj>
      <fn>operator delete(void*)</fn>
      <dir>/build/buildd-valgrind_3.7.0-6-i386-GVLAtC/valgrind-3.7.0/coregrind/m_replacemalloc</dir>
      <file>vg_replace_malloc.c</file>
      <line>457</line>
    </frame>
    <frame>
      <ip>0x806E972</ip>
      <obj>/home/kosmal/sonar-sdk/sonar-cxx/src/samples/SampleProject3/build/test_component1</obj>
      <fn>Bar::do_valgrind_errors()</fn>
    </frame>
    <frame>
      <ip>0x804B84C</ip>
      <obj>/home/kosmal/sonar-sdk/sonar-cxx/src/samples/SampleProject3/build/test_component1</obj>
      <fn>(anonymous namespace)::Component1Test_foo_leaking_Test::TestBody()</fn>
      <dir>/home/kosmal/sonar-sdk/sonar-cxx/src/samples/SampleProject2/tests/unittests</dir>
      <file>test_component1.cc</file>
      <line>30</line>
    </frame>
    <frame>
      <ip>0x80661DF</ip>
      <obj>/home/kosmal/sonar-sdk/sonar-cxx/src/samples/SampleProject3/build/test_component1</obj>
      <fn>void testing::internal::HandleSehExceptionsInMethodIfSupported&lt;testing::Test, void&gt;(testing::Test*, void (testing::Test::*)(), char const*)</fn>
      <dir>/home/kosmal/sonar-sdk/sonar-cxx/src/samples/SampleProject2/tests/gtest-1.6.0/src</dir>
      <file>gtest.cc</file>
      <line>2090</line>
    </frame>
    <frame>
      <ip>0x8061A50</ip>
      <obj>/home/kosmal/sonar-sdk/sonar-cxx/src/samples/SampleProject3/build/test_component1</obj>
      <fn>void testing::internal::HandleExceptionsInMethodIfSupported&lt;testing::Test, void&gt;(testing::Test*, void (testing::Test::*)(), char const*)</fn>
      <dir>/home/kosmal/sonar-sdk/sonar-cxx/src/samples/SampleProject2/tests/gtest-1.6.0/src</dir>
      <file>gtest.cc</file>
      <line>2126</line>
    </frame>
    <frame>
      <ip>0x8050B93</ip>
      <obj>/home/kosmal/sonar-sdk/sonar-cxx/src/samples/SampleProject3/build/test_component1</obj>
      <fn>testing::Test::Run()</fn>
      <dir>/home/kosmal/sonar-sdk/sonar-cxx/src/samples/SampleProject2/tests/gtest-1.6.0/src</dir>
      <file>gtest.cc</file>
      <line>2162</line>
    </frame>
    <frame>
      <ip>0x8051250</ip>
      <obj>/home/kosmal/sonar-sdk/sonar-cxx/src/samples/SampleProject3/build/test_component1</obj>
      <fn>testing::TestInfo::Run()</fn>
      <dir>/home/kosmal/sonar-sdk/sonar-cxx/src/samples/SampleProject2/tests/gtest-1.6.0/src</dir>
      <file>gtest.cc</file>
      <line>2338</line>
    </frame>
    <frame>
      <ip>0x805175A</ip>
      <obj>/home/kosmal/sonar-sdk/sonar-cxx/src/samples/SampleProject3/build/test_component1</obj>
      <fn>testing::TestCase::Run()</fn>
      <dir>/home/kosmal/sonar-sdk/sonar-cxx/src/samples/SampleProject2/tests/gtest-1.6.0/src</dir>
      <file>gtest.cc</file>
      <line>2445</line>
    </frame>
    <frame>
      <ip>0x8055C8F</ip>
      <obj>/home/kosmal/sonar-sdk/sonar-cxx/src/samples/SampleProject3/build/test_component1</obj>
      <fn>testing::internal::UnitTestImpl::RunAllTests()</fn>
      <dir>/home/kosmal/sonar-sdk/sonar-cxx/src/samples/SampleProject2/tests/gtest-1.6.0/src</dir>
      <file>gtest.cc</file>
      <line>4237</line>
    </frame>
    <frame>
      <ip>0x806739B</ip>
      <obj>/home/kosmal/sonar-sdk/sonar-cxx/src/samples/SampleProject3/build/test_component1</obj>
      <fn>bool testing::internal::HandleSehExceptionsInMethodIfSupported&lt;testing::internal::UnitTestImpl, bool&gt;(testing::internal::UnitTestImpl*, bool (testing::internal::UnitTestImpl::*)(), char const*)</fn>
      <dir>/home/kosmal/sonar-sdk/sonar-cxx/src/samples/SampleProject2/tests/gtest-1.6.0/src</dir>
      <file>gtest.cc</file>
      <line>2090</line>
    </frame>
    <frame>
      <ip>0x8062828</ip>
      <obj>/home/kosmal/sonar-sdk/sonar-cxx/src/samples/SampleProject3/build/test_component1</obj>
      <fn>bool testing::internal::HandleExceptionsInMethodIfSupported&lt;testing::internal::UnitTestImpl, bool&gt;(testing::internal::UnitTestImpl*, bool (testing::internal::UnitTestImpl::*)(), char const*)</fn>
      <dir>/home/kosmal/sonar-sdk/sonar-cxx/src/samples/SampleProject2/tests/gtest-1.6.0/src</dir>
      <file>gtest.cc</file>
      <line>2126</line>
    </frame>
    <frame>
      <ip>0x8054C4C</ip>
      <obj>/home/kosmal/sonar-sdk/sonar-cxx/src/samples/SampleProject3/build/test_component1</obj>
      <fn>testing::UnitTest::Run()</fn>
      <dir>/home/kosmal/sonar-sdk/sonar-cxx/src/samples/SampleProject2/tests/gtest-1.6.0/src</dir>
      <file>gtest.cc</file>
      <line>3874</line>
    </frame>
  </stack>
</error>

<error>
  <unique>0x15</unique>
  <tid>1</tid>
  <kind>InvalidWrite</kind>
  <what>Invalid write of size 4</what>
  <stack>
    <frame>
      <ip>0x806E9F6</ip>
      <obj>/home/kosmal/sonar-sdk/sonar-cxx/src/samples/SampleProject3/build/test_component1</obj>
      <fn>Bar::do_valgrind_errors()</fn>
    </frame>
    <frame>
      <ip>0x804B84C</ip>
      <obj>/home/kosmal/sonar-sdk/sonar-cxx/src/samples/SampleProject3/build/test_component1</obj>
      <fn>(anonymous namespace)::Component1Test_foo_leaking_Test::TestBody()</fn>
      <dir>/home/kosmal/sonar-sdk/sonar-cxx/src/samples/SampleProject2/tests/unittests</dir>
      <file>test_component1.cc</file>
      <line>30</line>
    </frame>
    <frame>
      <ip>0x80661DF</ip>
      <obj>/home/kosmal/sonar-sdk/sonar-cxx/src/samples/SampleProject3/build/test_component1</obj>
      <fn>void testing::internal::HandleSehExceptionsInMethodIfSupported&lt;testing::Test, void&gt;(testing::Test*, void (testing::Test::*)(), char const*)</fn>
      <dir>/home/kosmal/sonar-sdk/sonar-cxx/src/samples/SampleProject2/tests/gtest-1.6.0/src</dir>
      <file>gtest.cc</file>
      <line>2090</line>
    </frame>
    <frame>
      <ip>0x8061A50</ip>
      <obj>/home/kosmal/sonar-sdk/sonar-cxx/src/samples/SampleProject3/build/test_component1</obj>
      <fn>void testing::internal::HandleExceptionsInMethodIfSupported&lt;testing::Test, void&gt;(testing::Test*, void (testing::Test::*)(), char const*)</fn>
      <dir>/home/kosmal/sonar-sdk/sonar-cxx/src/samples/SampleProject2/tests/gtest-1.6.0/src</dir>
      <file>gtest.cc</file>
      <line>2126</line>
    </frame>
    <frame>
      <ip>0x8050B93</ip>
      <obj>/home/kosmal/sonar-sdk/sonar-cxx/src/samples/SampleProject3/build/test_component1</obj>
      <fn>testing::Test::Run()</fn>
      <dir>/home/kosmal/sonar-sdk/sonar-cxx/src/samples/SampleProject2/tests/gtest-1.6.0/src</dir>
      <file>gtest.cc</file>
      <line>2162</line>
    </frame>
    <frame>
      <ip>0x8051250</ip>
      <obj>/home/kosmal/sonar-sdk/sonar-cxx/src/samples/SampleProject3/build/test_component1</obj>
      <fn>testing::TestInfo::Run()</fn>
      <dir>/home/kosmal/sonar-sdk/sonar-cxx/src/samples/SampleProject2/tests/gtest-1.6.0/src</dir>
      <file>gtest.cc</file>
      <line>2338</line>
    </frame>
    <frame>
      <ip>0x805175A</ip>
      <obj>/home/kosmal/sonar-sdk/sonar-cxx/src/samples/SampleProject3/build/test_component1</obj>
      <fn>testing::TestCase::Run()</fn>
      <dir>/home/kosmal/sonar-sdk/sonar-cxx/src/samples/SampleProject2/tests/gtest-1.6.0/src</dir>
      <file>gtest.cc</file>
      <line>2445</line>
    </frame>
    <frame>
      <ip>0x8055C8F</ip>
      <obj>/home/kosmal/sonar-sdk/sonar-cxx/src/samples/SampleProject3/build/test_component1</obj>
      <fn>testing::internal::UnitTestImpl::RunAllTests()</fn>
      <dir>/home/kosmal/sonar-sdk/sonar-cxx/src/samples/SampleProject2/tests/gtest-1.6.0/src</dir>
      <file>gtest.cc</file>
      <line>4237</line>
    </frame>
    <frame>
      <ip>0x806739B</ip>
      <obj>/home/kosmal/sonar-sdk/sonar-cxx/src/samples/SampleProject3/build/test_component1</obj>
      <fn>bool testing::internal::HandleSehExceptionsInMethodIfSupported&lt;testing::internal::UnitTestImpl, bool&gt;(testing::internal::UnitTestImpl*, bool (testing::internal::UnitTestImpl::*)(), char const*)</fn>
      <dir>/home/kosmal/sonar-sdk/sonar-cxx/src/samples/SampleProject2/tests/gtest-1.6.0/src</dir>
      <file>gtest.cc</file>
      <line>2090</line>
    </frame>
    <frame>
      <ip>0x8062828</ip>
      <obj>/home/kosmal/sonar-sdk/sonar-cxx/src/samples/SampleProject3/build/test_component1</obj>
      <fn>bool testing::internal::HandleExceptionsInMethodIfSupported&lt;testing::internal::UnitTestImpl, bool&gt;(testing::internal::UnitTestImpl*, bool (testing::internal::UnitTestImpl::*)(), char const*)</fn>
      <dir>/home/kosmal/sonar-sdk/sonar-cxx/src/samples/SampleProject2/tests/gtest-1.6.0/src</dir>
      <file>gtest.cc</file>
      <line>2126</line>
    </frame>
    <frame>
      <ip>0x8054C4C</ip>
      <obj>/home/kosmal/sonar-sdk/sonar-cxx/src/samples/SampleProject3/build/test_component1</obj>
      <fn>testing::UnitTest::Run()</fn>
      <dir>/home/kosmal/sonar-sdk/sonar-cxx/src/samples/SampleProject2/tests/gtest-1.6.0/src</dir>
      <file>gtest.cc</file>
      <line>3874</line>
    </frame>
    <frame>
      <ip>0x806E7D3</ip>
      <obj>/home/kosmal/sonar-sdk/sonar-cxx/src/samples/SampleProject3/build/test_component1</obj>
      <fn>main</fn>
      <dir>/home/kosmal/sonar-sdk/sonar-cxx/src/samples/SampleProject2/tests/gtest-1.6.0/src</dir>
      <file>gtest_main.cc</file>
      <line>38</line>
    </frame>
  </stack>
  <auxwhat>Address 0x430a4a8 is 0 bytes inside a block of size 4 free'd</auxwhat>
  <stack>
    <frame>
      <ip>0x402719C</ip>
      <obj>/usr/lib/valgrind/vgpreload_memcheck-x86-linux.so</obj>
      <fn>operator delete(void*)</fn>
      <dir>/build/buildd-valgrind_3.7.0-6-i386-GVLAtC/valgrind-3.7.0/coregrind/m_replacemalloc</dir>
      <file>vg_replace_malloc.c</file>
      <line>457</line>
    </frame>
    <frame>
      <ip>0x806E9D6</ip>
      <obj>/home/kosmal/sonar-sdk/sonar-cxx/src/samples/SampleProject3/build/test_component1</obj>
      <fn>Bar::do_valgrind_errors()</fn>
    </frame>
    <frame>
      <ip>0x804B84C</ip>
      <obj>/home/kosmal/sonar-sdk/sonar-cxx/src/samples/SampleProject3/build/test_component1</obj>
      <fn>(anonymous namespace)::Component1Test_foo_leaking_Test::TestBody()</fn>
      <dir>/home/kosmal/sonar-sdk/sonar-cxx/src/samples/SampleProject2/tests/unittests</dir>
      <file>test_component1.cc</file>
      <line>30</line>
    </frame>
    <frame>
      <ip>0x80661DF</ip>
      <obj>/home/kosmal/sonar-sdk/sonar-cxx/src/samples/SampleProject3/build/test_component1</obj>
      <fn>void testing::internal::HandleSehExceptionsInMethodIfSupported&lt;testing::Test, void&gt;(testing::Test*, void (testing::Test::*)(), char const*)</fn>
      <dir>/home/kosmal/sonar-sdk/sonar-cxx/src/samples/SampleProject2/tests/gtest-1.6.0/src</dir>
      <file>gtest.cc</file>
      <line>2090</line>
    </frame>
    <frame>
      <ip>0x8061A50</ip>
      <obj>/home/kosmal/sonar-sdk/sonar-cxx/src/samples/SampleProject3/build/test_component1</obj>
      <fn>void testing::internal::HandleExceptionsInMethodIfSupported&lt;testing::Test, void&gt;(testing::Test*, void (testing::Test::*)(), char const*)</fn>
      <dir>/home/kosmal/sonar-sdk/sonar-cxx/src/samples/SampleProject2/tests/gtest-1.6.0/src</dir>
      <file>gtest.cc</file>
      <line>2126</line>
    </frame>
    <frame>
      <ip>0x8050B93</ip>
      <obj>/home/kosmal/sonar-sdk/sonar-cxx/src/samples/SampleProject3/build/test_component1</obj>
      <fn>testing::Test::Run()</fn>
      <dir>/home/kosmal/sonar-sdk/sonar-cxx/src/samples/SampleProject2/tests/gtest-1.6.0/src</dir>
      <file>gtest.cc</file>
      <line>2162</line>
    </frame>
    <frame>
      <ip>0x8051250</ip>
      <obj>/home/kosmal/sonar-sdk/sonar-cxx/src/samples/SampleProject3/build/test_component1</obj>
      <fn>testing::TestInfo::Run()</fn>
      <dir>/home/kosmal/sonar-sdk/sonar-cxx/src/samples/SampleProject2/tests/gtest-1.6.0/src</dir>
      <file>gtest.cc</file>
      <line>2338</line>
    </frame>
    <frame>
      <ip>0x805175A</ip>
      <obj>/home/kosmal/sonar-sdk/sonar-cxx/src/samples/SampleProject3/build/test_component1</obj>
      <fn>testing::TestCase::Run()</fn>
      <dir>/home/kosmal/sonar-sdk/sonar-cxx/src/samples/SampleProject2/tests/gtest-1.6.0/src</dir>
      <file>gtest.cc</file>
      <line>2445</line>
    </frame>
    <frame>
      <ip>0x8055C8F</ip>
      <obj>/home/kosmal/sonar-sdk/sonar-cxx/src/samples/SampleProject3/build/test_component1</obj>
      <fn>testing::internal::UnitTestImpl::RunAllTests()</fn>
      <dir>/home/kosmal/sonar-sdk/sonar-cxx/src/samples/SampleProject2/tests/gtest-1.6.0/src</dir>
      <file>gtest.cc</file>
      <line>4237</line>
    </frame>
    <frame>
      <ip>0x806739B</ip>
      <obj>/home/kosmal/sonar-sdk/sonar-cxx/src/samples/SampleProject3/build/test_component1</obj>
      <fn>bool testing::internal::HandleSehExceptionsInMethodIfSupported&lt;testing::internal::UnitTestImpl, bool&gt;(testing::internal::UnitTestImpl*, bool (testing::internal::UnitTestImpl::*)(), char const*)</fn>
      <dir>/home/kosmal/sonar-sdk/sonar-cxx/src/samples/SampleProject2/tests/gtest-1.6.0/src</dir>
      <file>gtest.cc</file>
      <line>2090</line>
    </frame>
    <frame>
      <ip>0x8062828</ip>
      <obj>/home/kosmal/sonar-sdk/sonar-cxx/src/samples/SampleProject3/build/test_component1</obj>
      <fn>bool testing::internal::HandleExceptionsInMethodIfSupported&lt;testing::internal::UnitTestImpl, bool&gt;(testing::internal::UnitTestImpl*, bool (testing::internal::UnitTestImpl::*)(), char const*)</fn>
      <dir>/home/kosmal/sonar-sdk/sonar-cxx/src/samples/SampleProject2/tests/gtest-1.6.0/src</dir>
      <file>gtest.cc</file>
      <line>2126</line>
    </frame>
    <frame>
      <ip>0x8054C4C</ip>
      <obj>/home/kosmal/sonar-sdk/sonar-cxx/src/samples/SampleProject3/build/test_component1</obj>
      <fn>testing::UnitTest::Run()</fn>
      <dir>/home/kosmal/sonar-sdk/sonar-cxx/src/samples/SampleProject2/tests/gtest-1.6.0/src</dir>
      <file>gtest.cc</file>
      <line>3874</line>
    </frame>
  </stack>
</error>

<error>
  <unique>0x16</unique>
  <tid>1</tid>
  <kind>InvalidFree</kind>
  <what>Invalid free() / delete / delete[] / realloc()</what>
  <stack>
    <frame>
      <ip>0x402719C</ip>
      <obj>/usr/lib/valgrind/vgpreload_memcheck-x86-linux.so</obj>
      <fn>operator delete(void*)</fn>
      <dir>/build/buildd-valgrind_3.7.0-6-i386-GVLAtC/valgrind-3.7.0/coregrind/m_replacemalloc</dir>
      <file>vg_replace_malloc.c</file>
      <line>457</line>
    </frame>
    <frame>
      <ip>0x806EA62</ip>
      <obj>/home/kosmal/sonar-sdk/sonar-cxx/src/samples/SampleProject3/build/test_component1</obj>
      <fn>Bar::do_valgrind_errors()</fn>
    </frame>
    <frame>
      <ip>0x804B84C</ip>
      <obj>/home/kosmal/sonar-sdk/sonar-cxx/src/samples/SampleProject3/build/test_component1</obj>
      <fn>(anonymous namespace)::Component1Test_foo_leaking_Test::TestBody()</fn>
      <dir>/home/kosmal/sonar-sdk/sonar-cxx/src/samples/SampleProject2/tests/unittests</dir>
      <file>test_component1.cc</file>
      <line>30</line>
    </frame>
    <frame>
      <ip>0x80661DF</ip>
      <obj>/home/kosmal/sonar-sdk/sonar-cxx/src/samples/SampleProject3/build/test_component1</obj>
      <fn>void testing::internal::HandleSehExceptionsInMethodIfSupported&lt;testing::Test, void&gt;(testing::Test*, void (testing::Test::*)(), char const*)</fn>
      <dir>/home/kosmal/sonar-sdk/sonar-cxx/src/samples/SampleProject2/tests/gtest-1.6.0/src</dir>
      <file>gtest.cc</file>
      <line>2090</line>
    </frame>
    <frame>
      <ip>0x8061A50</ip>
      <obj>/home/kosmal/sonar-sdk/sonar-cxx/src/samples/SampleProject3/build/test_component1</obj>
      <fn>void testing::internal::HandleExceptionsInMethodIfSupported&lt;testing::Test, void&gt;(testing::Test*, void (testing::Test::*)(), char const*)</fn>
      <dir>/home/kosmal/sonar-sdk/sonar-cxx/src/samples/SampleProject2/tests/gtest-1.6.0/src</dir>
      <file>gtest.cc</file>
      <line>2126</line>
    </frame>
    <frame>
      <ip>0x8050B93</ip>
      <obj>/home/kosmal/sonar-sdk/sonar-cxx/src/samples/SampleProject3/build/test_component1</obj>
      <fn>testing::Test::Run()</fn>
      <dir>/home/kosmal/sonar-sdk/sonar-cxx/src/samples/SampleProject2/tests/gtest-1.6.0/src</dir>
      <file>gtest.cc</file>
      <line>2162</line>
    </frame>
    <frame>
      <ip>0x8051250</ip>
      <obj>/home/kosmal/sonar-sdk/sonar-cxx/src/samples/SampleProject3/build/test_component1</obj>
      <fn>testing::TestInfo::Run()</fn>
      <dir>/home/kosmal/sonar-sdk/sonar-cxx/src/samples/SampleProject2/tests/gtest-1.6.0/src</dir>
      <file>gtest.cc</file>
      <line>2338</line>
    </frame>
    <frame>
      <ip>0x805175A</ip>
      <obj>/home/kosmal/sonar-sdk/sonar-cxx/src/samples/SampleProject3/build/test_component1</obj>
      <fn>testing::TestCase::Run()</fn>
      <dir>/home/kosmal/sonar-sdk/sonar-cxx/src/samples/SampleProject2/tests/gtest-1.6.0/src</dir>
      <file>gtest.cc</file>
      <line>2445</line>
    </frame>
    <frame>
      <ip>0x8055C8F</ip>
      <obj>/home/kosmal/sonar-sdk/sonar-cxx/src/samples/SampleProject3/build/test_component1</obj>
      <fn>testing::internal::UnitTestImpl::RunAllTests()</fn>
      <dir>/home/kosmal/sonar-sdk/sonar-cxx/src/samples/SampleProject2/tests/gtest-1.6.0/src</dir>
      <file>gtest.cc</file>
      <line>4237</line>
    </frame>
    <frame>
      <ip>0x806739B</ip>
      <obj>/home/kosmal/sonar-sdk/sonar-cxx/src/samples/SampleProject3/build/test_component1</obj>
      <fn>bool testing::internal::HandleSehExceptionsInMethodIfSupported&lt;testing::internal::UnitTestImpl, bool&gt;(testing::internal::UnitTestImpl*, bool (testing::internal::UnitTestImpl::*)(), char const*)</fn>
      <dir>/home/kosmal/sonar-sdk/sonar-cxx/src/samples/SampleProject2/tests/gtest-1.6.0/src</dir>
      <file>gtest.cc</file>
      <line>2090</line>
    </frame>
    <frame>
      <ip>0x8062828</ip>
      <obj>/home/kosmal/sonar-sdk/sonar-cxx/src/samples/SampleProject3/build/test_component1</obj>
      <fn>bool testing::internal::HandleExceptionsInMethodIfSupported&lt;testing::internal::UnitTestImpl, bool&gt;(testing::internal::UnitTestImpl*, bool (testing::internal::UnitTestImpl::*)(), char const*)</fn>
      <dir>/home/kosmal/sonar-sdk/sonar-cxx/src/samples/SampleProject2/tests/gtest-1.6.0/src</dir>
      <file>gtest.cc</file>
      <line>2126</line>
    </frame>
    <frame>
      <ip>0x8054C4C</ip>
      <obj>/home/kosmal/sonar-sdk/sonar-cxx/src/samples/SampleProject3/build/test_component1</obj>
      <fn>testing::UnitTest::Run()</fn>
      <dir>/home/kosmal/sonar-sdk/sonar-cxx/src/samples/SampleProject2/tests/gtest-1.6.0/src</dir>
      <file>gtest.cc</file>
      <line>3874</line>
    </frame>
  </stack>
  <auxwhat>Address 0x430a4e0 is 0 bytes inside a block of size 4 free'd</auxwhat>
  <stack>
    <frame>
      <ip>0x402719C</ip>
      <obj>/usr/lib/valgrind/vgpreload_memcheck-x86-linux.so</obj>
      <fn>operator delete(void*)</fn>
      <dir>/build/buildd-valgrind_3.7.0-6-i386-GVLAtC/valgrind-3.7.0/coregrind/m_replacemalloc</dir>
      <file>vg_replace_malloc.c</file>
      <line>457</line>
    </frame>
    <frame>
      <ip>0x806EA3B</ip>
      <obj>/home/kosmal/sonar-sdk/sonar-cxx/src/samples/SampleProject3/build/test_component1</obj>
      <fn>Bar::do_valgrind_errors()</fn>
    </frame>
    <frame>
      <ip>0x804B84C</ip>
      <obj>/home/kosmal/sonar-sdk/sonar-cxx/src/samples/SampleProject3/build/test_component1</obj>
      <fn>(anonymous namespace)::Component1Test_foo_leaking_Test::TestBody()</fn>
      <dir>/home/kosmal/sonar-sdk/sonar-cxx/src/samples/SampleProject2/tests/unittests</dir>
      <file>test_component1.cc</file>
      <line>30</line>
    </frame>
    <frame>
      <ip>0x80661DF</ip>
      <obj>/home/kosmal/sonar-sdk/sonar-cxx/src/samples/SampleProject3/build/test_component1</obj>
      <fn>void testing::internal::HandleSehExceptionsInMethodIfSupported&lt;testing::Test, void&gt;(testing::Test*, void (testing::Test::*)(), char const*)</fn>
      <dir>/home/kosmal/sonar-sdk/sonar-cxx/src/samples/SampleProject2/tests/gtest-1.6.0/src</dir>
      <file>gtest.cc</file>
      <line>2090</line>
    </frame>
    <frame>
      <ip>0x8061A50</ip>
      <obj>/home/kosmal/sonar-sdk/sonar-cxx/src/samples/SampleProject3/build/test_component1</obj>
      <fn>void testing::internal::HandleExceptionsInMethodIfSupported&lt;testing::Test, void&gt;(testing::Test*, void (testing::Test::*)(), char const*)</fn>
      <dir>/home/kosmal/sonar-sdk/sonar-cxx/src/samples/SampleProject2/tests/gtest-1.6.0/src</dir>
      <file>gtest.cc</file>
      <line>2126</line>
    </frame>
    <frame>
      <ip>0x8050B93</ip>
      <obj>/home/kosmal/sonar-sdk/sonar-cxx/src/samples/SampleProject3/build/test_component1</obj>
      <fn>testing::Test::Run()</fn>
      <dir>/home/kosmal/sonar-sdk/sonar-cxx/src/samples/SampleProject2/tests/gtest-1.6.0/src</dir>
      <file>gtest.cc</file>
      <line>2162</line>
    </frame>
    <frame>
      <ip>0x8051250</ip>
      <obj>/home/kosmal/sonar-sdk/sonar-cxx/src/samples/SampleProject3/build/test_component1</obj>
      <fn>testing::TestInfo::Run()</fn>
      <dir>/home/kosmal/sonar-sdk/sonar-cxx/src/samples/SampleProject2/tests/gtest-1.6.0/src</dir>
      <file>gtest.cc</file>
      <line>2338</line>
    </frame>
    <frame>
      <ip>0x805175A</ip>
      <obj>/home/kosmal/sonar-sdk/sonar-cxx/src/samples/SampleProject3/build/test_component1</obj>
      <fn>testing::TestCase::Run()</fn>
      <dir>/home/kosmal/sonar-sdk/sonar-cxx/src/samples/SampleProject2/tests/gtest-1.6.0/src</dir>
      <file>gtest.cc</file>
      <line>2445</line>
    </frame>
    <frame>
      <ip>0x8055C8F</ip>
      <obj>/home/kosmal/sonar-sdk/sonar-cxx/src/samples/SampleProject3/build/test_component1</obj>
      <fn>testing::internal::UnitTestImpl::RunAllTests()</fn>
      <dir>/home/kosmal/sonar-sdk/sonar-cxx/src/samples/SampleProject2/tests/gtest-1.6.0/src</dir>
      <file>gtest.cc</file>
      <line>4237</line>
    </frame>
    <frame>
      <ip>0x806739B</ip>
      <obj>/home/kosmal/sonar-sdk/sonar-cxx/src/samples/SampleProject3/build/test_component1</obj>
      <fn>bool testing::internal::HandleSehExceptionsInMethodIfSupported&lt;testing::internal::UnitTestImpl, bool&gt;(testing::internal::UnitTestImpl*, bool (testing::internal::UnitTestImpl::*)(), char const*)</fn>
      <dir>/home/kosmal/sonar-sdk/sonar-cxx/src/samples/SampleProject2/tests/gtest-1.6.0/src</dir>
      <file>gtest.cc</file>
      <line>2090</line>
    </frame>
    <frame>
      <ip>0x8062828</ip>
      <obj>/home/kosmal/sonar-sdk/sonar-cxx/src/samples/SampleProject3/build/test_component1</obj>
      <fn>bool testing::internal::HandleExceptionsInMethodIfSupported&lt;testing::internal::UnitTestImpl, bool&gt;(testing::internal::UnitTestImpl*, bool (testing::internal::UnitTestImpl::*)(), char const*)</fn>
      <dir>/home/kosmal/sonar-sdk/sonar-cxx/src/samples/SampleProject2/tests/gtest-1.6.0/src</dir>
      <file>gtest.cc</file>
      <line>2126</line>
    </frame>
    <frame>
      <ip>0x8054C4C</ip>
      <obj>/home/kosmal/sonar-sdk/sonar-cxx/src/samples/SampleProject3/build/test_component1</obj>
      <fn>testing::UnitTest::Run()</fn>
      <dir>/home/kosmal/sonar-sdk/sonar-cxx/src/samples/SampleProject2/tests/gtest-1.6.0/src</dir>
      <file>gtest.cc</file>
      <line>3874</line>
    </frame>
  </stack>
</error>

<error>
  <unique>0x17</unique>
  <tid>1</tid>
  <kind>MismatchedFree</kind>
  <what>Mismatched free() / delete / delete []</what>
  <stack>
    <frame>
      <ip>0x4026D7C</ip>
      <obj>/usr/lib/valgrind/vgpreload_memcheck-x86-linux.so</obj>
      <fn>operator delete[](void*)</fn>
      <dir>/build/buildd-valgrind_3.7.0-6-i386-GVLAtC/valgrind-3.7.0/coregrind/m_replacemalloc</dir>
      <file>vg_replace_malloc.c</file>
      <line>490</line>
    </frame>
    <frame>
      <ip>0x806EAE0</ip>
      <obj>/home/kosmal/sonar-sdk/sonar-cxx/src/samples/SampleProject3/build/test_component1</obj>
      <fn>Bar::do_valgrind_errors()</fn>
    </frame>
    <frame>
      <ip>0x804B84C</ip>
      <obj>/home/kosmal/sonar-sdk/sonar-cxx/src/samples/SampleProject3/build/test_component1</obj>
      <fn>(anonymous namespace)::Component1Test_foo_leaking_Test::TestBody()</fn>
      <dir>/home/kosmal/sonar-sdk/sonar-cxx/src/samples/SampleProject2/tests/unittests</dir>
      <file>test_component1.cc</file>
      <line>30</line>
    </frame>
    <frame>
      <ip>0x80661DF</ip>
      <obj>/home/kosmal/sonar-sdk/sonar-cxx/src/samples/SampleProject3/build/test_component1</obj>
      <fn>void testing::internal::HandleSehExceptionsInMethodIfSupported&lt;testing::Test, void&gt;(testing::Test*, void (testing::Test::*)(), char const*)</fn>
      <dir>/home/kosmal/sonar-sdk/sonar-cxx/src/samples/SampleProject2/tests/gtest-1.6.0/src</dir>
      <file>gtest.cc</file>
      <line>2090</line>
    </frame>
    <frame>
      <ip>0x8061A50</ip>
      <obj>/home/kosmal/sonar-sdk/sonar-cxx/src/samples/SampleProject3/build/test_component1</obj>
      <fn>void testing::internal::HandleExceptionsInMethodIfSupported&lt;testing::Test, void&gt;(testing::Test*, void (testing::Test::*)(), char const*)</fn>
      <dir>/home/kosmal/sonar-sdk/sonar-cxx/src/samples/SampleProject2/tests/gtest-1.6.0/src</dir>
      <file>gtest.cc</file>
      <line>2126</line>
    </frame>
    <frame>
      <ip>0x8050B93</ip>
      <obj>/home/kosmal/sonar-sdk/sonar-cxx/src/samples/SampleProject3/build/test_component1</obj>
      <fn>testing::Test::Run()</fn>
      <dir>/home/kosmal/sonar-sdk/sonar-cxx/src/samples/SampleProject2/tests/gtest-1.6.0/src</dir>
      <file>gtest.cc</file>
      <line>2162</line>
    </frame>
    <frame>
      <ip>0x8051250</ip>
      <obj>/home/kosmal/sonar-sdk/sonar-cxx/src/samples/SampleProject3/build/test_component1</obj>
      <fn>testing::TestInfo::Run()</fn>
      <dir>/home/kosmal/sonar-sdk/sonar-cxx/src/samples/SampleProject2/tests/gtest-1.6.0/src</dir>
      <file>gtest.cc</file>
      <line>2338</line>
    </frame>
    <frame>
      <ip>0x805175A</ip>
      <obj>/home/kosmal/sonar-sdk/sonar-cxx/src/samples/SampleProject3/build/test_component1</obj>
      <fn>testing::TestCase::Run()</fn>
      <dir>/home/kosmal/sonar-sdk/sonar-cxx/src/samples/SampleProject2/tests/gtest-1.6.0/src</dir>
      <file>gtest.cc</file>
      <line>2445</line>
    </frame>
    <frame>
      <ip>0x8055C8F</ip>
      <obj>/home/kosmal/sonar-sdk/sonar-cxx/src/samples/SampleProject3/build/test_component1</obj>
      <fn>testing::internal::UnitTestImpl::RunAllTests()</fn>
      <dir>/home/kosmal/sonar-sdk/sonar-cxx/src/samples/SampleProject2/tests/gtest-1.6.0/src</dir>
      <file>gtest.cc</file>
      <line>4237</line>
    </frame>
    <frame>
      <ip>0x806739B</ip>
      <obj>/home/kosmal/sonar-sdk/sonar-cxx/src/samples/SampleProject3/build/test_component1</obj>
      <fn>bool testing::internal::HandleSehExceptionsInMethodIfSupported&lt;testing::internal::UnitTestImpl, bool&gt;(testing::internal::UnitTestImpl*, bool (testing::internal::UnitTestImpl::*)(), char const*)</fn>
      <dir>/home/kosmal/sonar-sdk/sonar-cxx/src/samples/SampleProject2/tests/gtest-1.6.0/src</dir>
      <file>gtest.cc</file>
      <line>2090</line>
    </frame>
    <frame>
      <ip>0x8062828</ip>
      <obj>/home/kosmal/sonar-sdk/sonar-cxx/src/samples/SampleProject3/build/test_component1</obj>
      <fn>bool testing::internal::HandleExceptionsInMethodIfSupported&lt;testing::internal::UnitTestImpl, bool&gt;(testing::internal::UnitTestImpl*, bool (testing::internal::UnitTestImpl::*)(), char const*)</fn>
      <dir>/home/kosmal/sonar-sdk/sonar-cxx/src/samples/SampleProject2/tests/gtest-1.6.0/src</dir>
      <file>gtest.cc</file>
      <line>2126</line>
    </frame>
    <frame>
      <ip>0x8054C4C</ip>
      <obj>/home/kosmal/sonar-sdk/sonar-cxx/src/samples/SampleProject3/build/test_component1</obj>
      <fn>testing::UnitTest::Run()</fn>
      <dir>/home/kosmal/sonar-sdk/sonar-cxx/src/samples/SampleProject2/tests/gtest-1.6.0/src</dir>
      <file>gtest.cc</file>
      <line>3874</line>
    </frame>
  </stack>
  <auxwhat>Address 0x430a518 is 0 bytes inside a block of size 4 alloc'd</auxwhat>
  <stack>
    <frame>
      <ip>0x4027E54</ip>
      <obj>/usr/lib/valgrind/vgpreload_memcheck-x86-linux.so</obj>
      <fn>operator new(unsigned int)</fn>
      <dir>/build/buildd-valgrind_3.7.0-6-i386-GVLAtC/valgrind-3.7.0/coregrind/m_replacemalloc</dir>
      <file>vg_replace_malloc.c</file>
      <line>282</line>
    </frame>
    <frame>
      <ip>0x806EA8A</ip>
      <obj>/home/kosmal/sonar-sdk/sonar-cxx/src/samples/SampleProject3/build/test_component1</obj>
      <fn>Bar::do_valgrind_errors()</fn>
    </frame>
    <frame>
      <ip>0x804B84C</ip>
      <obj>/home/kosmal/sonar-sdk/sonar-cxx/src/samples/SampleProject3/build/test_component1</obj>
      <fn>(anonymous namespace)::Component1Test_foo_leaking_Test::TestBody()</fn>
      <dir>/home/kosmal/sonar-sdk/sonar-cxx/src/samples/SampleProject2/tests/unittests</dir>
      <file>test_component1.cc</file>
      <line>30</line>
    </frame>
    <frame>
      <ip>0x80661DF</ip>
      <obj>/home/kosmal/sonar-sdk/sonar-cxx/src/samples/SampleProject3/build/test_component1</obj>
      <fn>void testing::internal::HandleSehExceptionsInMethodIfSupported&lt;testing::Test, void&gt;(testing::Test*, void (testing::Test::*)(), char const*)</fn>
      <dir>/home/kosmal/sonar-sdk/sonar-cxx/src/samples/SampleProject2/tests/gtest-1.6.0/src</dir>
      <file>gtest.cc</file>
      <line>2090</line>
    </frame>
    <frame>
      <ip>0x8061A50</ip>
      <obj>/home/kosmal/sonar-sdk/sonar-cxx/src/samples/SampleProject3/build/test_component1</obj>
      <fn>void testing::internal::HandleExceptionsInMethodIfSupported&lt;testing::Test, void&gt;(testing::Test*, void (testing::Test::*)(), char const*)</fn>
      <dir>/home/kosmal/sonar-sdk/sonar-cxx/src/samples/SampleProject2/tests/gtest-1.6.0/src</dir>
      <file>gtest.cc</file>
      <line>2126</line>
    </frame>
    <frame>
      <ip>0x8050B93</ip>
      <obj>/home/kosmal/sonar-sdk/sonar-cxx/src/samples/SampleProject3/build/test_component1</obj>
      <fn>testing::Test::Run()</fn>
      <dir>/home/kosmal/sonar-sdk/sonar-cxx/src/samples/SampleProject2/tests/gtest-1.6.0/src</dir>
      <file>gtest.cc</file>
      <line>2162</line>
    </frame>
    <frame>
      <ip>0x8051250</ip>
      <obj>/home/kosmal/sonar-sdk/sonar-cxx/src/samples/SampleProject3/build/test_component1</obj>
      <fn>testing::TestInfo::Run()</fn>
      <dir>/home/kosmal/sonar-sdk/sonar-cxx/src/samples/SampleProject2/tests/gtest-1.6.0/src</dir>
      <file>gtest.cc</file>
      <line>2338</line>
    </frame>
    <frame>
      <ip>0x805175A</ip>
      <obj>/home/kosmal/sonar-sdk/sonar-cxx/src/samples/SampleProject3/build/test_component1</obj>
      <fn>testing::TestCase::Run()</fn>
      <dir>/home/kosmal/sonar-sdk/sonar-cxx/src/samples/SampleProject2/tests/gtest-1.6.0/src</dir>
      <file>gtest.cc</file>
      <line>2445</line>
    </frame>
    <frame>
      <ip>0x8055C8F</ip>
      <obj>/home/kosmal/sonar-sdk/sonar-cxx/src/samples/SampleProject3/build/test_component1</obj>
      <fn>testing::internal::UnitTestImpl::RunAllTests()</fn>
      <dir>/home/kosmal/sonar-sdk/sonar-cxx/src/samples/SampleProject2/tests/gtest-1.6.0/src</dir>
      <file>gtest.cc</file>
      <line>4237</line>
    </frame>
    <frame>
      <ip>0x806739B</ip>
      <obj>/home/kosmal/sonar-sdk/sonar-cxx/src/samples/SampleProject3/build/test_component1</obj>
      <fn>bool testing::internal::HandleSehExceptionsInMethodIfSupported&lt;testing::internal::UnitTestImpl, bool&gt;(testing::internal::UnitTestImpl*, bool (testing::internal::UnitTestImpl::*)(), char const*)</fn>
      <dir>/home/kosmal/sonar-sdk/sonar-cxx/src/samples/SampleProject2/tests/gtest-1.6.0/src</dir>
      <file>gtest.cc</file>
      <line>2090</line>
    </frame>
    <frame>
      <ip>0x8062828</ip>
      <obj>/home/kosmal/sonar-sdk/sonar-cxx/src/samples/SampleProject3/build/test_component1</obj>
      <fn>bool testing::internal::HandleExceptionsInMethodIfSupported&lt;testing::internal::UnitTestImpl, bool&gt;(testing::internal::UnitTestImpl*, bool (testing::internal::UnitTestImpl::*)(), char const*)</fn>
      <dir>/home/kosmal/sonar-sdk/sonar-cxx/src/samples/SampleProject2/tests/gtest-1.6.0/src</dir>
      <file>gtest.cc</file>
      <line>2126</line>
    </frame>
    <frame>
      <ip>0x8054C4C</ip>
      <obj>/home/kosmal/sonar-sdk/sonar-cxx/src/samples/SampleProject3/build/test_component1</obj>
      <fn>testing::UnitTest::Run()</fn>
      <dir>/home/kosmal/sonar-sdk/sonar-cxx/src/samples/SampleProject2/tests/gtest-1.6.0/src</dir>
      <file>gtest.cc</file>
      <line>3874</line>
    </frame>
  </stack>
</error>


<status>
  <state>FINISHED</state>
  <time>00:00:00:02.959 </time>
</status>

<error>
  <unique>0x18</unique>
  <tid>1</tid>
  <kind>Leak_DefinitelyLost</kind>
  <xwhat>
    <text>4 bytes in 1 blocks are definitely lost in loss record 1 of 1</text>
    <leakedbytes>4</leakedbytes>
    <leakedblocks>1</leakedblocks>
  </xwhat>
  <stack>
    <frame>
      <ip>0x4027E54</ip>
      <obj>/usr/lib/valgrind/vgpreload_memcheck-x86-linux.so</obj>
      <fn>operator new(unsigned int)</fn>
      <dir>/build/buildd-valgrind_3.7.0-6-i386-GVLAtC/valgrind-3.7.0/coregrind/m_replacemalloc</dir>
      <file>vg_replace_malloc.c</file>
      <line>282</line>
    </frame>
    <frame>
      <ip>0x806E889</ip>
      <obj>/home/kosmal/sonar-sdk/sonar-cxx/src/samples/SampleProject3/build/test_component1</obj>
      <fn>Bar::do_valgrind_errors()</fn>
    </frame>
    <frame>
      <ip>0x804B84C</ip>
      <obj>/home/kosmal/sonar-sdk/sonar-cxx/src/samples/SampleProject3/build/test_component1</obj>
      <fn>(anonymous namespace)::Component1Test_foo_leaking_Test::TestBody()</fn>
      <dir>/home/kosmal/sonar-sdk/sonar-cxx/src/samples/SampleProject2/tests/unittests</dir>
      <file>test_component1.cc</file>
      <line>30</line>
    </frame>
    <frame>
      <ip>0x80661DF</ip>
      <obj>/home/kosmal/sonar-sdk/sonar-cxx/src/samples/SampleProject3/build/test_component1</obj>
      <fn>void testing::internal::HandleSehExceptionsInMethodIfSupported&lt;testing::Test, void&gt;(testing::Test*, void (testing::Test::*)(), char const*)</fn>
      <dir>/home/kosmal/sonar-sdk/sonar-cxx/src/samples/SampleProject2/tests/gtest-1.6.0/src</dir>
      <file>gtest.cc</file>
      <line>2090</line>
    </frame>
    <frame>
      <ip>0x8061A50</ip>
      <obj>/home/kosmal/sonar-sdk/sonar-cxx/src/samples/SampleProject3/build/test_component1</obj>
      <fn>void testing::internal::HandleExceptionsInMethodIfSupported&lt;testing::Test, void&gt;(testing::Test*, void (testing::Test::*)(), char const*)</fn>
      <dir>/home/kosmal/sonar-sdk/sonar-cxx/src/samples/SampleProject2/tests/gtest-1.6.0/src</dir>
      <file>gtest.cc</file>
      <line>2126</line>
    </frame>
    <frame>
      <ip>0x8050B93</ip>
      <obj>/home/kosmal/sonar-sdk/sonar-cxx/src/samples/SampleProject3/build/test_component1</obj>
      <fn>testing::Test::Run()</fn>
      <dir>/home/kosmal/sonar-sdk/sonar-cxx/src/samples/SampleProject2/tests/gtest-1.6.0/src</dir>
      <file>gtest.cc</file>
      <line>2162</line>
    </frame>
    <frame>
      <ip>0x8051250</ip>
      <obj>/home/kosmal/sonar-sdk/sonar-cxx/src/samples/SampleProject3/build/test_component1</obj>
      <fn>testing::TestInfo::Run()</fn>
      <dir>/home/kosmal/sonar-sdk/sonar-cxx/src/samples/SampleProject2/tests/gtest-1.6.0/src</dir>
      <file>gtest.cc</file>
      <line>2338</line>
    </frame>
    <frame>
      <ip>0x805175A</ip>
      <obj>/home/kosmal/sonar-sdk/sonar-cxx/src/samples/SampleProject3/build/test_component1</obj>
      <fn>testing::TestCase::Run()</fn>
      <dir>/home/kosmal/sonar-sdk/sonar-cxx/src/samples/SampleProject2/tests/gtest-1.6.0/src</dir>
      <file>gtest.cc</file>
      <line>2445</line>
    </frame>
    <frame>
      <ip>0x8055C8F</ip>
      <obj>/home/kosmal/sonar-sdk/sonar-cxx/src/samples/SampleProject3/build/test_component1</obj>
      <fn>testing::internal::UnitTestImpl::RunAllTests()</fn>
      <dir>/home/kosmal/sonar-sdk/sonar-cxx/src/samples/SampleProject2/tests/gtest-1.6.0/src</dir>
      <file>gtest.cc</file>
      <line>4237</line>
    </frame>
    <frame>
      <ip>0x806739B</ip>
      <obj>/home/kosmal/sonar-sdk/sonar-cxx/src/samples/SampleProject3/build/test_component1</obj>
      <fn>bool testing::internal::HandleSehExceptionsInMethodIfSupported&lt;testing::internal::UnitTestImpl, bool&gt;(testing::internal::UnitTestImpl*, bool (testing::internal::UnitTestImpl::*)(), char const*)</fn>
      <dir>/home/kosmal/sonar-sdk/sonar-cxx/src/samples/SampleProject2/tests/gtest-1.6.0/src</dir>
      <file>gtest.cc</file>
      <line>2090</line>
    </frame>
    <frame>
      <ip>0x8062828</ip>
      <obj>/home/kosmal/sonar-sdk/sonar-cxx/src/samples/SampleProject3/build/test_component1</obj>
      <fn>bool testing::internal::HandleExceptionsInMethodIfSupported&lt;testing::internal::UnitTestImpl, bool&gt;(testing::internal::UnitTestImpl*, bool (testing::internal::UnitTestImpl::*)(), char const*)</fn>
      <dir>/home/kosmal/sonar-sdk/sonar-cxx/src/samples/SampleProject2/tests/gtest-1.6.0/src</dir>
      <file>gtest.cc</file>
      <line>2126</line>
    </frame>
    <frame>
      <ip>0x8054C4C</ip>
      <obj>/home/kosmal/sonar-sdk/sonar-cxx/src/samples/SampleProject3/build/test_component1</obj>
      <fn>testing::UnitTest::Run()</fn>
      <dir>/home/kosmal/sonar-sdk/sonar-cxx/src/samples/SampleProject2/tests/gtest-1.6.0/src</dir>
      <file>gtest.cc</file>
      <line>3874</line>
    </frame>
  </stack>
</error>

<errorcounts>
  <pair>
    <count>1</count>
    <unique>0x17</unique>
  </pair>
  <pair>
    <count>1</count>
    <unique>0x16</unique>
  </pair>
  <pair>
    <count>1</count>
    <unique>0x15</unique>
  </pair>
  <pair>
    <count>1</count>
    <unique>0x14</unique>
  </pair>
  <pair>
    <count>1</count>
    <unique>0x13</unique>
  </pair>
</errorcounts>

<suppcounts>
  <pair>
    <count>19</count>
    <name>U1004-ARM-_dl_relocate_object</name>
  </pair>
</suppcounts>

</valgrindoutput>

